<?xml version="1.0" encoding="UTF-8"?>
<testsuite name="ProfileControllerTest" tests="2" skipped="0" failures="0" errors="0" timestamp="2019-10-31T07:03:37" hostname="andrey-Inspiron-5758" time="0.518">
  <properties/>
  <testcase name="givenUser_getProfile_returnsProfile" classname="ProfileControllerTest" time="0.292"/>
  <testcase name="givenUser_updateProfile_returnsUpdatedProfile" classname="ProfileControllerTest" time="0.225"/>
  <system-out><![CDATA[2019-10-31 08:03:37.050  INFO 3970 --- [    Test worker] .b.t.c.SpringBootTestContextBootstrapper : Neither @ContextConfiguration nor @ContextHierarchy found for test class [ProfileControllerTest], using SpringBootContextLoader
2019-10-31 08:03:37.053  INFO 3970 --- [    Test worker] o.s.t.c.support.AbstractContextLoader    : Could not detect default resource locations for test class [ProfileControllerTest]: no resource found for suffixes {-context.xml, Context.groovy}.
2019-10-31 08:03:37.060  INFO 3970 --- [    Test worker] .b.t.c.SpringBootTestContextBootstrapper : Loaded default TestExecutionListener class names from location [META-INF/spring.factories]: [org.springframework.boot.test.autoconfigure.restdocs.RestDocsTestExecutionListener, org.springframework.boot.test.autoconfigure.web.client.MockRestServiceServerResetTestExecutionListener, org.springframework.boot.test.autoconfigure.web.servlet.MockMvcPrintOnlyOnFailureTestExecutionListener, org.springframework.boot.test.autoconfigure.web.servlet.WebDriverTestExecutionListener, org.springframework.boot.test.mock.mockito.MockitoTestExecutionListener, org.springframework.boot.test.mock.mockito.ResetMocksTestExecutionListener, org.springframework.test.context.web.ServletTestExecutionListener, org.springframework.test.context.support.DirtiesContextBeforeModesTestExecutionListener, org.springframework.test.context.support.DependencyInjectionTestExecutionListener, org.springframework.test.context.support.DirtiesContextTestExecutionListener, org.springframework.test.context.transaction.TransactionalTestExecutionListener, org.springframework.test.context.jdbc.SqlScriptsTestExecutionListener, org.springframework.test.context.event.EventPublishingTestExecutionListener]
2019-10-31 08:03:37.064  INFO 3970 --- [    Test worker] .b.t.c.SpringBootTestContextBootstrapper : Using TestExecutionListeners: [org.springframework.test.context.web.ServletTestExecutionListener@599005e5, org.springframework.test.context.support.DirtiesContextBeforeModesTestExecutionListener@57fcd456, org.springframework.boot.test.mock.mockito.MockitoTestExecutionListener@5310f0d4, org.springframework.boot.test.autoconfigure.SpringBootDependencyInjectionTestExecutionListener@46bd9f08, org.springframework.test.context.support.DirtiesContextTestExecutionListener@1fdb0517, org.springframework.test.context.transaction.TransactionalTestExecutionListener@2e342cde, org.springframework.test.context.jdbc.SqlScriptsTestExecutionListener@7af6ef9c, org.springframework.test.context.event.EventPublishingTestExecutionListener@50197a15, org.springframework.boot.test.autoconfigure.restdocs.RestDocsTestExecutionListener@17ad2ebc, org.springframework.boot.test.autoconfigure.web.client.MockRestServiceServerResetTestExecutionListener@1870b24b, org.springframework.boot.test.autoconfigure.web.servlet.MockMvcPrintOnlyOnFailureTestExecutionListener@553734d6, org.springframework.boot.test.autoconfigure.web.servlet.WebDriverTestExecutionListener@4ee535b7, org.springframework.boot.test.mock.mockito.ResetMocksTestExecutionListener@30c33a19]
Hibernate: select user0_.id as id1_3_, user0_.password as password2_3_, user0_.username as username3_3_ from users user0_ where user0_.username=?
Hibernate: select profiledet0_.user_id as user_id6_1_0_, profiledet0_.birthday as birthday1_1_0_, profiledet0_.country as country2_1_0_, profiledet0_.first_name as first_na3_1_0_, profiledet0_.profile_description as profile_4_1_0_, profiledet0_.second_name as second_n5_1_0_ from user_details profiledet0_ where profiledet0_.user_id=?
Hibernate: select roles0_.user_id as user_id1_2_0_, roles0_.roles as roles2_2_0_ from user_roles roles0_ where roles0_.user_id=?
Hibernate: select user0_.id as id1_3_, user0_.password as password2_3_, user0_.username as username3_3_ from users user0_ where user0_.username=?
Hibernate: select user0_.id as id1_3_, user0_.password as password2_3_, user0_.username as username3_3_ from users user0_ where user0_.username=?
Hibernate: select profiledet0_.user_id as user_id6_1_0_, profiledet0_.birthday as birthday1_1_0_, profiledet0_.country as country2_1_0_, profiledet0_.first_name as first_na3_1_0_, profiledet0_.profile_description as profile_4_1_0_, profiledet0_.second_name as second_n5_1_0_ from user_details profiledet0_ where profiledet0_.user_id=?
Hibernate: select roles0_.user_id as user_id1_2_0_, roles0_.roles as roles2_2_0_ from user_roles roles0_ where roles0_.user_id=?
Hibernate: select user0_.id as id1_3_, user0_.password as password2_3_, user0_.username as username3_3_ from users user0_ where user0_.username=?
Hibernate: select profiledet0_.user_id as user_id6_1_0_, profiledet0_.birthday as birthday1_1_0_, profiledet0_.country as country2_1_0_, profiledet0_.first_name as first_na3_1_0_, profiledet0_.profile_description as profile_4_1_0_, profiledet0_.second_name as second_n5_1_0_ from user_details profiledet0_ where profiledet0_.user_id=?
Hibernate: select roles0_.user_id as user_id1_2_0_, roles0_.roles as roles2_2_0_ from user_roles roles0_ where roles0_.user_id=?
Hibernate: select user0_.id as id1_3_, user0_.password as password2_3_, user0_.username as username3_3_ from users user0_ where user0_.username=?
Hibernate: select profiledet0_.user_id as user_id6_1_0_, profiledet0_.birthday as birthday1_1_0_, profiledet0_.country as country2_1_0_, profiledet0_.first_name as first_na3_1_0_, profiledet0_.profile_description as profile_4_1_0_, profiledet0_.second_name as second_n5_1_0_ from user_details profiledet0_ where profiledet0_.user_id=?
Hibernate: select roles0_.user_id as user_id1_2_0_, roles0_.roles as roles2_2_0_ from user_roles roles0_ where roles0_.user_id=?
Hibernate: select user0_.id as id1_3_, user0_.password as password2_3_, user0_.username as username3_3_ from users user0_ where user0_.username=?
Hibernate: select user0_.id as id1_3_, user0_.password as password2_3_, user0_.username as username3_3_ from users user0_ where user0_.username=?
Hibernate: select profiledet0_.user_id as user_id6_1_0_, profiledet0_.birthday as birthday1_1_0_, profiledet0_.country as country2_1_0_, profiledet0_.first_name as first_na3_1_0_, profiledet0_.profile_description as profile_4_1_0_, profiledet0_.second_name as second_n5_1_0_ from user_details profiledet0_ where profiledet0_.user_id=?
Hibernate: select roles0_.user_id as user_id1_2_0_, roles0_.roles as roles2_2_0_ from user_roles roles0_ where roles0_.user_id=?
Hibernate: select user0_.id as id1_3_, user0_.password as password2_3_, user0_.username as username3_3_ from users user0_ where user0_.username=?
Hibernate: select profiledet0_.user_id as user_id6_1_0_, profiledet0_.birthday as birthday1_1_0_, profiledet0_.country as country2_1_0_, profiledet0_.first_name as first_na3_1_0_, profiledet0_.profile_description as profile_4_1_0_, profiledet0_.second_name as second_n5_1_0_ from user_details profiledet0_ where profiledet0_.user_id=?
Hibernate: select roles0_.user_id as user_id1_2_0_, roles0_.roles as roles2_2_0_ from user_roles roles0_ where roles0_.user_id=?
Hibernate: select user0_.id as id1_3_, user0_.password as password2_3_, user0_.username as username3_3_ from users user0_ where user0_.username=?
Hibernate: select profiledet0_.user_id as user_id6_1_0_, profiledet0_.birthday as birthday1_1_0_, profiledet0_.country as country2_1_0_, profiledet0_.first_name as first_na3_1_0_, profiledet0_.profile_description as profile_4_1_0_, profiledet0_.second_name as second_n5_1_0_ from user_details profiledet0_ where profiledet0_.user_id=?
Hibernate: select roles0_.user_id as user_id1_2_0_, roles0_.roles as roles2_2_0_ from user_roles roles0_ where roles0_.user_id=?
Hibernate: select profiledet0_.user_id as user_id6_1_0_, profiledet0_.birthday as birthday1_1_0_, profiledet0_.country as country2_1_0_, profiledet0_.first_name as first_na3_1_0_, profiledet0_.profile_description as profile_4_1_0_, profiledet0_.second_name as second_n5_1_0_ from user_details profiledet0_ where profiledet0_.user_id=?
Hibernate: select user0_.id as id1_3_0_, user0_.password as password2_3_0_, user0_.username as username3_3_0_, roles1_.user_id as user_id1_2_1_, roles1_.roles as roles2_2_1_, profiledet2_.user_id as user_id6_1_2_, profiledet2_.birthday as birthday1_1_2_, profiledet2_.country as country2_1_2_, profiledet2_.first_name as first_na3_1_2_, profiledet2_.profile_description as profile_4_1_2_, profiledet2_.second_name as second_n5_1_2_ from users user0_ left outer join user_roles roles1_ on user0_.id=roles1_.user_id left outer join user_details profiledet2_ on user0_.id=profiledet2_.user_id where user0_.id=?
Hibernate: select profiledet0_.user_id as user_id6_1_0_, profiledet0_.birthday as birthday1_1_0_, profiledet0_.country as country2_1_0_, profiledet0_.first_name as first_na3_1_0_, profiledet0_.profile_description as profile_4_1_0_, profiledet0_.second_name as second_n5_1_0_ from user_details profiledet0_ where profiledet0_.user_id=?
2019-10-31 08:03:37.557  WARN 3970 --- [    Test worker] o.h.p.entity.AbstractEntityPersister     : HHH000502: The [user] property of the [org.simpletrading.model.ProfileDetails] entity was modified, but it won't be updated because the property is immutable.
Hibernate: update user_details set birthday=?, country=?, first_name=?, profile_description=?, second_name=? where user_id=?
Hibernate: select user0_.id as id1_3_, user0_.password as password2_3_, user0_.username as username3_3_ from users user0_ where user0_.username=?
Hibernate: select profiledet0_.user_id as user_id6_1_0_, profiledet0_.birthday as birthday1_1_0_, profiledet0_.country as country2_1_0_, profiledet0_.first_name as first_na3_1_0_, profiledet0_.profile_description as profile_4_1_0_, profiledet0_.second_name as second_n5_1_0_ from user_details profiledet0_ where profiledet0_.user_id=?
Hibernate: select roles0_.user_id as user_id1_2_0_, roles0_.roles as roles2_2_0_ from user_roles roles0_ where roles0_.user_id=?
Hibernate: select user0_.id as id1_3_, user0_.password as password2_3_, user0_.username as username3_3_ from users user0_ where user0_.username=?
Hibernate: select profiledet0_.user_id as user_id6_1_0_, profiledet0_.birthday as birthday1_1_0_, profiledet0_.country as country2_1_0_, profiledet0_.first_name as first_na3_1_0_, profiledet0_.profile_description as profile_4_1_0_, profiledet0_.second_name as second_n5_1_0_ from user_details profiledet0_ where profiledet0_.user_id=?
Hibernate: select roles0_.user_id as user_id1_2_0_, roles0_.roles as roles2_2_0_ from user_roles roles0_ where roles0_.user_id=?
Hibernate: select profiledet0_.user_id as user_id6_1_, profiledet0_.birthday as birthday1_1_, profiledet0_.country as country2_1_, profiledet0_.first_name as first_na3_1_, profiledet0_.profile_description as profile_4_1_, profiledet0_.second_name as second_n5_1_ from user_details profiledet0_
Hibernate: select user0_.id as id1_3_0_, user0_.password as password2_3_0_, user0_.username as username3_3_0_, roles1_.user_id as user_id1_2_1_, roles1_.roles as roles2_2_1_, profiledet2_.user_id as user_id6_1_2_, profiledet2_.birthday as birthday1_1_2_, profiledet2_.country as country2_1_2_, profiledet2_.first_name as first_na3_1_2_, profiledet2_.profile_description as profile_4_1_2_, profiledet2_.second_name as second_n5_1_2_ from users user0_ left outer join user_roles roles1_ on user0_.id=roles1_.user_id left outer join user_details profiledet2_ on user0_.id=profiledet2_.user_id where user0_.id=?
Hibernate: select profiledet0_.user_id as user_id6_1_0_, profiledet0_.birthday as birthday1_1_0_, profiledet0_.country as country2_1_0_, profiledet0_.first_name as first_na3_1_0_, profiledet0_.profile_description as profile_4_1_0_, profiledet0_.second_name as second_n5_1_0_ from user_details profiledet0_ where profiledet0_.user_id=?
Hibernate: select user0_.id as id1_3_, user0_.password as password2_3_, user0_.username as username3_3_ from users user0_
Hibernate: select profiledet0_.user_id as user_id6_1_0_, profiledet0_.birthday as birthday1_1_0_, profiledet0_.country as country2_1_0_, profiledet0_.first_name as first_na3_1_0_, profiledet0_.profile_description as profile_4_1_0_, profiledet0_.second_name as second_n5_1_0_ from user_details profiledet0_ where profiledet0_.user_id=?
Hibernate: select roles0_.user_id as user_id1_2_0_, roles0_.roles as roles2_2_0_ from user_roles roles0_ where roles0_.user_id=?
]]></system-out>
  <system-err><![CDATA[]]></system-err>
</testsuite>
