<?xml version="1.0" encoding="UTF-8"?>
<testsuite name="AuthenticationTest" tests="3" skipped="0" failures="0" errors="0" timestamp="2019-10-31T07:03:37" hostname="andrey-Inspiron-5758" time="0.491">
  <properties/>
  <testcase name="givenUserWithToken_POSTisOk" classname="AuthenticationTest" time="0.161"/>
  <testcase name="givenUser_whenAuthentificate_returnToken" classname="AuthenticationTest" time="0.154"/>
  <testcase name="givenWrongUser_AccessForbidden" classname="AuthenticationTest" time="0.174"/>
  <system-out><![CDATA[2019-10-31 08:03:37.597  INFO 3970 --- [    Test worker] .b.t.c.SpringBootTestContextBootstrapper : Neither @ContextConfiguration nor @ContextHierarchy found for test class [AuthenticationTest], using SpringBootContextLoader
2019-10-31 08:03:37.599  INFO 3970 --- [    Test worker] o.s.t.c.support.AbstractContextLoader    : Could not detect default resource locations for test class [AuthenticationTest]: no resource found for suffixes {-context.xml, Context.groovy}.
2019-10-31 08:03:37.603  INFO 3970 --- [    Test worker] .b.t.c.SpringBootTestContextBootstrapper : Loaded default TestExecutionListener class names from location [META-INF/spring.factories]: [org.springframework.boot.test.autoconfigure.restdocs.RestDocsTestExecutionListener, org.springframework.boot.test.autoconfigure.web.client.MockRestServiceServerResetTestExecutionListener, org.springframework.boot.test.autoconfigure.web.servlet.MockMvcPrintOnlyOnFailureTestExecutionListener, org.springframework.boot.test.autoconfigure.web.servlet.WebDriverTestExecutionListener, org.springframework.boot.test.mock.mockito.MockitoTestExecutionListener, org.springframework.boot.test.mock.mockito.ResetMocksTestExecutionListener, org.springframework.test.context.web.ServletTestExecutionListener, org.springframework.test.context.support.DirtiesContextBeforeModesTestExecutionListener, org.springframework.test.context.support.DependencyInjectionTestExecutionListener, org.springframework.test.context.support.DirtiesContextTestExecutionListener, org.springframework.test.context.transaction.TransactionalTestExecutionListener, org.springframework.test.context.jdbc.SqlScriptsTestExecutionListener, org.springframework.test.context.event.EventPublishingTestExecutionListener]
2019-10-31 08:03:37.604  INFO 3970 --- [    Test worker] .b.t.c.SpringBootTestContextBootstrapper : Using TestExecutionListeners: [org.springframework.test.context.web.ServletTestExecutionListener@4acab505, org.springframework.test.context.support.DirtiesContextBeforeModesTestExecutionListener@26e0c647, org.springframework.boot.test.mock.mockito.MockitoTestExecutionListener@dad1859, org.springframework.boot.test.autoconfigure.SpringBootDependencyInjectionTestExecutionListener@63242d0a, org.springframework.test.context.support.DirtiesContextTestExecutionListener@7c59def6, org.springframework.test.context.transaction.TransactionalTestExecutionListener@5c2bfdc4, org.springframework.test.context.jdbc.SqlScriptsTestExecutionListener@39a159c8, org.springframework.test.context.event.EventPublishingTestExecutionListener@7baf6f8b, org.springframework.boot.test.autoconfigure.restdocs.RestDocsTestExecutionListener@49b3a066, org.springframework.boot.test.autoconfigure.web.client.MockRestServiceServerResetTestExecutionListener@4af5a149, org.springframework.boot.test.autoconfigure.web.servlet.MockMvcPrintOnlyOnFailureTestExecutionListener@79a9dec6, org.springframework.boot.test.autoconfigure.web.servlet.WebDriverTestExecutionListener@797a354f, org.springframework.boot.test.mock.mockito.ResetMocksTestExecutionListener@2d9e1a96]
Hibernate: select user0_.id as id1_3_, user0_.password as password2_3_, user0_.username as username3_3_ from users user0_ where user0_.username=?
Hibernate: select profiledet0_.user_id as user_id6_1_0_, profiledet0_.birthday as birthday1_1_0_, profiledet0_.country as country2_1_0_, profiledet0_.first_name as first_na3_1_0_, profiledet0_.profile_description as profile_4_1_0_, profiledet0_.second_name as second_n5_1_0_ from user_details profiledet0_ where profiledet0_.user_id=?
Hibernate: select roles0_.user_id as user_id1_2_0_, roles0_.roles as roles2_2_0_ from user_roles roles0_ where roles0_.user_id=?
Hibernate: select user0_.id as id1_3_, user0_.password as password2_3_, user0_.username as username3_3_ from users user0_ where user0_.username=?
Hibernate: select user0_.id as id1_3_, user0_.password as password2_3_, user0_.username as username3_3_ from users user0_ where user0_.username=?
Hibernate: select profiledet0_.user_id as user_id6_1_0_, profiledet0_.birthday as birthday1_1_0_, profiledet0_.country as country2_1_0_, profiledet0_.first_name as first_na3_1_0_, profiledet0_.profile_description as profile_4_1_0_, profiledet0_.second_name as second_n5_1_0_ from user_details profiledet0_ where profiledet0_.user_id=?
Hibernate: select roles0_.user_id as user_id1_2_0_, roles0_.roles as roles2_2_0_ from user_roles roles0_ where roles0_.user_id=?
Hibernate: select user0_.id as id1_3_, user0_.password as password2_3_, user0_.username as username3_3_ from users user0_ where user0_.username=?
Hibernate: select profiledet0_.user_id as user_id6_1_0_, profiledet0_.birthday as birthday1_1_0_, profiledet0_.country as country2_1_0_, profiledet0_.first_name as first_na3_1_0_, profiledet0_.profile_description as profile_4_1_0_, profiledet0_.second_name as second_n5_1_0_ from user_details profiledet0_ where profiledet0_.user_id=?
Hibernate: select roles0_.user_id as user_id1_2_0_, roles0_.roles as roles2_2_0_ from user_roles roles0_ where roles0_.user_id=?
Hibernate: select user0_.id as id1_3_, user0_.password as password2_3_, user0_.username as username3_3_ from users user0_ where user0_.username=?
Hibernate: select profiledet0_.user_id as user_id6_1_0_, profiledet0_.birthday as birthday1_1_0_, profiledet0_.country as country2_1_0_, profiledet0_.first_name as first_na3_1_0_, profiledet0_.profile_description as profile_4_1_0_, profiledet0_.second_name as second_n5_1_0_ from user_details profiledet0_ where profiledet0_.user_id=?
Hibernate: select roles0_.user_id as user_id1_2_0_, roles0_.roles as roles2_2_0_ from user_roles roles0_ where roles0_.user_id=?
Hibernate: select user0_.id as id1_3_, user0_.password as password2_3_, user0_.username as username3_3_ from users user0_ where user0_.username=?
Hibernate: select user0_.id as id1_3_, user0_.password as password2_3_, user0_.username as username3_3_ from users user0_ where user0_.username=?
]]></system-out>
  <system-err><![CDATA[]]></system-err>
</testsuite>
